<?xml version="1.0" encoding="UTF-8"?>
<!-- Generated by org.testng.reporters.JUnitReportReporter -->
<testsuite hostname="MT-PG02HEP4" failures="0" tests="1" name="com.mindtree.TestPack.HeaderLink" time="45.803" errors="0" timestamp="2021-11-17T00:17:25 IST" skipped="0">
  <testcase classname="com.mindtree.TestPack.HeaderLink" name="heading" time="45.803"/>
  <system-out/>
</testsuite> <!-- com.mindtree.TestPack.HeaderLink -->
