<?xml version="1.0" encoding="UTF-8"?>
<!-- Generated by org.testng.reporters.JUnitReportReporter -->
<testsuite hostname="MT-HTGHR93" failures="0" tests="10" name="com.mindtree.TestCases.RunnerClass" time="210.565" errors="0" timestamp="2021-11-20T16:24:34 IST" skipped="0">
  <testcase classname="com.mindtree.TestCases.RunnerClass" name="merchen" time="34.437"/>
  <system-out/>
  <testcase classname="com.mindtree.TestCases.RunnerClass" name="heading" time="17.444"/>
  <system-out/>
  <testcase classname="com.mindtree.TestCases.RunnerClass" name="LoginTest" time="22.474"/>
  <system-out/>
  <testcase classname="com.mindtree.TestCases.RunnerClass" name="merchen1" time="27.849"/>
  <system-out/>
  <testcase classname="com.mindtree.TestCases.RunnerClass" name="merchen2" time="18.695"/>
  <system-out/>
  <testcase classname="com.mindtree.TestCases.RunnerClass" name="merchen4" time="16.539"/>
  <system-out/>
  <testcase classname="com.mindtree.TestCases.RunnerClass" name="Statements" time="22.531"/>
  <system-out/>
  <testcase classname="com.mindtree.TestCases.RunnerClass" name="LatestProd" time="15.656"/>
  <system-out/>
  <testcase classname="com.mindtree.TestCases.RunnerClass" name="AllOfItClick" time="20.086"/>
  <system-out/>
  <testcase classname="com.mindtree.TestCases.RunnerClass" name="AboutUsClick" time="14.854"/>
  <system-out/>
</testsuite> <!-- com.mindtree.TestCases.RunnerClass -->
