<?xml version="1.0" encoding="UTF-8"?>
<!-- Generated by org.testng.reporters.JUnitReportReporter -->
<testsuite hostname="MT-PG02HEP4" failures="0" tests="1" name="com.mindtree.Login.logTask" time="28.791" errors="0" timestamp="2021-11-16T01:56:28 IST" skipped="0">
  <testcase classname="com.mindtree.Login.logTask" name="LoginTest" time="28.791"/>
</testsuite> <!-- com.mindtree.Login.logTask -->
