<?xml version="1.0" encoding="UTF-8"?>
<!-- Generated by org.testng.reporters.JUnitReportReporter -->
<testsuite hostname="MT-PG02HEP4" failures="0" tests="1" name="com.mindtree.TestPack.OfficialMerchantTest" time="32.775" errors="0" timestamp="2021-11-16T18:15:30 IST" skipped="0">
  <testcase classname="com.mindtree.TestPack.OfficialMerchantTest" name="merchen" time="32.775"/>
  <system-out/>
</testsuite> <!-- com.mindtree.TestPack.OfficialMerchantTest -->
