<?xml version="1.0" encoding="UTF-8"?>
<!-- Generated by org.testng.reporters.JUnitReportReporter -->
<testsuite hostname="MT-PG02HEP4" failures="0" tests="1" name="com.mindtree.TestPack.MerchandizeTest" time="22.486" errors="0" timestamp="2021-11-16T20:02:02 IST" skipped="0">
  <testcase classname="com.mindtree.TestPack.MerchandizeTest" name="merchen" time="22.486"/>
  <system-out/>
</testsuite> <!-- com.mindtree.TestPack.MerchandizeTest -->
