<?xml version="1.0" encoding="UTF-8"?>
<!-- Generated by org.testng.reporters.JUnitReportReporter -->
<testsuite hostname="MT-PG02HEP4" failures="0" tests="1" name="com.mindtree.TestPack.HeaderLinks" time="26.545" errors="0" timestamp="2021-11-16T11:21:21 IST" skipped="0">
  <testcase classname="com.mindtree.TestPack.HeaderLinks" name="heading" time="26.545"/>
  <system-out/>
</testsuite> <!-- com.mindtree.TestPack.HeaderLinks -->
