<?xml version="1.0" encoding="UTF-8"?>
<!-- Generated by org.testng.reporters.JUnitReportReporter -->
<testsuite hostname="MT-HTGHR93" failures="0" tests="10" name="com.bigsmall.TestCases.RunnerClass" time="209.543" errors="0" timestamp="2021-11-20T22:04:38 IST" skipped="0">
  <testcase classname="com.bigsmall.TestCases.RunnerClass" name="merchen" time="40.002"/>
  <system-out/>
  <testcase classname="com.bigsmall.TestCases.RunnerClass" name="heading" time="24.396"/>
  <system-out/>
  <testcase classname="com.bigsmall.TestCases.RunnerClass" name="LoginTest" time="19.111"/>
  <system-out/>
  <testcase classname="com.bigsmall.TestCases.RunnerClass" name="merchen1" time="22.868"/>
  <system-out/>
  <testcase classname="com.bigsmall.TestCases.RunnerClass" name="merchen2" time="18.786"/>
  <system-out/>
  <testcase classname="com.bigsmall.TestCases.RunnerClass" name="merchen4" time="10.708"/>
  <system-out/>
  <testcase classname="com.bigsmall.TestCases.RunnerClass" name="Statements" time="17.874"/>
  <system-out/>
  <testcase classname="com.bigsmall.TestCases.RunnerClass" name="LatestProd" time="14.843"/>
  <system-out/>
  <testcase classname="com.bigsmall.TestCases.RunnerClass" name="AllOfItClick" time="22.773"/>
  <system-out/>
  <testcase classname="com.bigsmall.TestCases.RunnerClass" name="AboutUsClick" time="18.182"/>
  <system-out/>
</testsuite> <!-- com.bigsmall.TestCases.RunnerClass -->
